{"name":"Тест: изменение цвета и высоты уточки","status":"broken","statusDetails":{"known":false,"muted":false,"flaky":false,"message":"Validation failed for column: 'HEIGHT' found value: '5.0' expected value: 5","trace":"com.consol.citrus.exceptions.TestCaseFailedException: Validation failed for column: 'HEIGHT' found value: '5.0' expected value: 5\r\n\tat com.consol.citrus.DefaultTestCase.executeAction(DefaultTestCase.java:143)\r\n\tat com.consol.citrus.DefaultTestCaseRunner.run(DefaultTestCaseRunner.java:125)\r\n\tat com.consol.citrus.TestActionRunner.$(TestActionRunner.java:35)\r\n\tat autotests.clients.DuckActionsClient.validateDuckInDatabase(DuckActionsClient.java:201)\r\n\tat autotests.tests.duckController.UpdateDuckTest.updateColorHeight(UpdateDuckTest.java:31)\r\n\tat java.base/jdk.internal.reflect.DirectMethodHandleAccessor.invoke(DirectMethodHandleAccessor.java:103)\r\n\tat java.base/java.lang.reflect.Method.invoke(Method.java:580)\r\n\tat org.springframework.util.ReflectionUtils.invokeMethod(ReflectionUtils.java:282)\r\n\tat com.consol.citrus.testng.TestNGHelper.lambda$invokeTestMethod$1(TestNGHelper.java:82)\r\n\tat com.consol.citrus.common.DefaultTestLoader.lambda$doLoad$1(DefaultTestLoader.java:116)\r\n\tat java.base/java.util.ArrayList.forEach(ArrayList.java:1596)\r\n\tat com.consol.citrus.common.DefaultTestLoader.doLoad(DefaultTestLoader.java:116)\r\n\tat com.consol.citrus.common.DefaultTestLoader.load(DefaultTestLoader.java:94)\r\n\tat com.consol.citrus.testng.TestNGHelper.invokeTestMethod(TestNGHelper.java:83)\r\n\tat com.consol.citrus.testng.spring.TestNGCitrusSpringSupport.run(TestNGCitrusSpringSupport.java:185)\r\n\tat com.consol.citrus.testng.spring.TestNGCitrusSpringSupport.run(TestNGCitrusSpringSupport.java:101)\r\n\tat org.testng.internal.invokers.MethodInvocationHelper.invokeHookable(MethodInvocationHelper.java:272)\r\n\tat org.testng.internal.invokers.TestInvoker.invokeMethod(TestInvoker.java:669)\r\n\tat org.testng.internal.invokers.TestInvoker.invokeTestMethod(TestInvoker.java:221)\r\n\tat org.testng.internal.invokers.MethodRunner.runInSequence(MethodRunner.java:50)\r\n\tat org.testng.internal.invokers.TestInvoker$MethodInvocationAgent.invoke(TestInvoker.java:969)\r\n\tat org.testng.internal.invokers.TestInvoker.invokeTestMethods(TestInvoker.java:194)\r\n\tat org.testng.internal.invokers.TestMethodWorker.invokeTestMethods(TestMethodWorker.java:148)\r\n\tat org.testng.internal.invokers.TestMethodWorker.run(TestMethodWorker.java:128)\r\n\tat java.base/java.util.ArrayList.forEach(ArrayList.java:1596)\r\n\tat org.testng.TestRunner.privateRun(TestRunner.java:829)\r\n\tat org.testng.TestRunner.run(TestRunner.java:602)\r\n\tat org.testng.SuiteRunner.runTest(SuiteRunner.java:437)\r\n\tat org.testng.SuiteRunner.runSequentially(SuiteRunner.java:431)\r\n\tat org.testng.SuiteRunner.privateRun(SuiteRunner.java:391)\r\n\tat org.testng.SuiteRunner.run(SuiteRunner.java:330)\r\n\tat org.testng.SuiteRunnerWorker.runSuite(SuiteRunnerWorker.java:52)\r\n\tat org.testng.SuiteRunnerWorker.run(SuiteRunnerWorker.java:95)\r\n\tat org.testng.TestNG.runSuitesSequentially(TestNG.java:1256)\r\n\tat org.testng.TestNG.runSuitesLocally(TestNG.java:1176)\r\n\tat org.testng.TestNG.runSuites(TestNG.java:1099)\r\n\tat org.testng.TestNG.run(TestNG.java:1067)\r\n\tat com.intellij.rt.testng.IDEARemoteTestNG.run(IDEARemoteTestNG.java:65)\r\n\tat com.intellij.rt.testng.RemoteTestNGStarter.main(RemoteTestNGStarter.java:105)\r\nCaused by: com.consol.citrus.exceptions.ValidationException: Validation failed for column: 'HEIGHT' found value: '5.0' expected value: 5\r\n\tat com.consol.citrus.actions.ExecuteSQLQueryAction.validateSingleValue(ExecuteSQLQueryAction.java:381)\r\n\tat com.consol.citrus.actions.ExecuteSQLQueryAction.performControlResultSetValidation(ExecuteSQLQueryAction.java:329)\r\n\tat com.consol.citrus.actions.ExecuteSQLQueryAction.performValidation(ExecuteSQLQueryAction.java:297)\r\n\tat com.consol.citrus.actions.ExecuteSQLQueryAction.doExecute(ExecuteSQLQueryAction.java:122)\r\n\tat com.consol.citrus.actions.AbstractDatabaseConnectingTestAction.execute(AbstractDatabaseConnectingTestAction.java:91)\r\n\tat com.consol.citrus.DefaultTestCase.executeAction(DefaultTestCase.java:136)\r\n\t... 38 more\r\n"},"stage":"finished","steps":[],"attachments":[],"parameters":[{"name":"arg0","value":"null"}],"start":1738215535831,"stop":1738215536352,"uuid":"a49fe7b0-aac0-4239-b867-14a0d9cde413","historyId":"ac1e90625655508cedfdd5075a4bc222","fullName":"autotests.tests.duckController.UpdateDuckTest.updateColorHeight","labels":[{"name":"package","value":"autotests.tests.duckController.UpdateDuckTest"},{"name":"testClass","value":"autotests.tests.duckController.UpdateDuckTest"},{"name":"testMethod","value":"updateColorHeight"},{"name":"parentSuite","value":"Default Suite"},{"name":"suite","value":"AssemblySystem"},{"name":"subSuite","value":"autotests.tests.duckController.UpdateDuckTest"},{"name":"host","value":"DESKTOP-RV15V4F"},{"name":"thread","value":"2340@DESKTOP-RV15V4F.main(1)"},{"name":"framework","value":"testng"},{"name":"language","value":"java"},{"name":"feature","value":"Endpoint /api/duck/update"},{"name":"epic","value":"Tests for duckController"}],"links":[]}